<?xml version="1.0" encoding="UTF-8"?>
<!-- Generated by org.testng.reporters.JUnitReportReporter -->
<testsuite hostname="DESKTOP-NIUH9AP" failures="0" tests="1" name="com.basicselenium.AlertHandle" time="31.699" errors="0" timestamp="2020-04-23T19:44:21 IST" skipped="0">
  <testcase classname="com.basicselenium.AlertHandle" name="clickdropdown" time="31.699"/>
  <system-out/>
</testsuite> <!-- com.basicselenium.AlertHandle -->
