<?xml version="1.0" encoding="UTF-8"?>
<!-- Generated by org.testng.reporters.JUnitReportReporter -->
<testsuite hostname="DESKTOP-NIUH9AP" failures="0" tests="1" name="com.basicselenium.DragDrop" time="36.287" errors="0" timestamp="2020-04-26T18:32:58 IST" skipped="0">
  <testcase classname="com.basicselenium.DragDrop" name="dragdrop" time="36.287"/>
  <system-out/>
</testsuite> <!-- com.basicselenium.DragDrop -->
